TN:
SF:src\data\postgres\index.ts
FNF:0
FNH:0
DA:1,1
DA:2,1
DA:3,1
DA:4,1
LF:4
LH:4
BRF:0
BRH:0
end_of_record
TN:
SF:src\presentation\tickets\controller.ts
FN:8,TicketController
FN:14,TicketController.getTickets
FN:23,TicketController.getTicketById
FN:36,TicketController.createTicket
FN:49,TicketController.updateTicket
FN:64,TicketController.deleteTicket
FNF:6
FNH:6
FNDA:2,TicketController
FNDA:1,TicketController.getTickets
FNDA:2,TicketController.getTicketById
FNDA:3,TicketController.createTicket
FNDA:4,TicketController.updateTicket
FNDA:2,TicketController.deleteTicket
DA:1,1
DA:2,1
DA:3,1
DA:4,1
DA:5,1
DA:6,1
DA:7,1
DA:8,1
DA:9,2
DA:10,2
DA:11,1
DA:12,1
DA:13,1
DA:14,1
DA:15,1
DA:16,1
DA:17,1
DA:18,1
DA:19,1
DA:20,1
DA:21,1
DA:22,1
DA:23,1
DA:24,2
DA:25,2
DA:26,2
DA:27,2
DA:28,2
DA:29,2
DA:30,2
DA:31,2
DA:32,1
DA:33,1
DA:34,1
DA:35,1
DA:36,1
DA:37,3
DA:38,3
DA:39,3
DA:40,3
DA:41,1
DA:42,1
DA:43,1
DA:44,1
DA:45,1
DA:46,1
DA:47,1
DA:48,1
DA:49,1
DA:50,4
DA:51,4
DA:52,4
DA:53,4
DA:54,4
DA:55,4
DA:56,4
DA:57,4
DA:58,4
DA:59,4
DA:60,4
DA:61,4
DA:62,1
DA:63,1
DA:64,1
DA:65,2
DA:66,2
DA:67,2
DA:68,2
DA:69,2
DA:70,2
DA:71,2
DA:72,2
DA:73,1
DA:74,1
DA:75,1
LF:75
LH:75
BRDA:8,0,0,2
BRDA:14,1,0,1
BRDA:18,2,0,1
BRDA:23,3,0,2
BRDA:29,4,0,1
BRDA:30,5,0,1
BRDA:36,6,0,3
BRDA:40,7,0,2
BRDA:41,8,0,1
BRDA:44,9,0,1
BRDA:49,10,0,4
BRDA:54,11,0,0
BRDA:58,12,0,3
BRDA:59,13,0,1
BRDA:64,14,0,2
BRDA:70,15,0,1
BRDA:71,16,0,1
BRF:17
BRH:16
end_of_record
